1559140070954	mozrunner::runner	INFO	Running command: "C:\\Program Files (x86)\\Mozilla Firefox\\firefox.exe" "-marionette" "-foreground" "-no-remote" "-profile" "C:\\Users\\Joshua\\AppData\\Local\\Temp\\rust_mozprofile.WhTIiyEqwhFX"
1559140075143	addons.webextension.screenshots@mozilla.org	WARN	Loading extension 'screenshots@mozilla.org': Reading manifest: Invalid extension permission: mozillaAddons
1559140075143	addons.webextension.screenshots@mozilla.org	WARN	Loading extension 'screenshots@mozilla.org': Reading manifest: Invalid extension permission: resource://pdf.js/
1559140075143	addons.webextension.screenshots@mozilla.org	WARN	Loading extension 'screenshots@mozilla.org': Reading manifest: Invalid extension permission: about:reader*
1559140083210	Marionette	INFO	Listening on port 52980
1559140083725	Marionette	WARN	TLS certificate errors will be ignored for this session
console.error: BroadcastService: 
  receivedBroadcastMessage: handler for
  remote-settings/monitor_changes
  threw error:
  Message: Error: Polling for changes failed: NetworkError when attempting to fetch resource..
  Stack:
    remoteSettingsFunction/remoteSettings.pollChanges@resource://services-settings/remote-settings.js:190:13

JavaScript error: https://dmca-edu-ph.herokuapp.com/, line 198: ReferenceError: $ is not defined
JavaScript error: https://dmca-edu-ph.herokuapp.com/account/login/, line 277: ReferenceError: $ is not defined
JavaScript error: https://dmca-edu-ph.herokuapp.com/account/login/, line 291: SyntaxError: expected expression, got '}'
JavaScript error: https://dmca-edu-ph.herokuapp.com/account/, line 338: ReferenceError: $ is not defined
JavaScript error: https://dmca-edu-ph.herokuapp.com/account/, line 352: SyntaxError: expected expression, got '}'
JavaScript error: https://dmca-edu-ph.herokuapp.com/account/login/, line 277: ReferenceError: $ is not defined
JavaScript error: https://dmca-edu-ph.herokuapp.com/account/login/, line 291: SyntaxError: expected expression, got '}'
JavaScript error: https://dmca-edu-ph.herokuapp.com/account/login/, line 283: ReferenceError: $ is not defined
JavaScript error: https://dmca-edu-ph.herokuapp.com/account/login/, line 297: SyntaxError: expected expression, got '}'
1559140210113	Marionette	INFO	Stopped listening on port 52980
[Child 10212, Chrome_ChildThread] WARNING: pipe error: 109: file z:/build/build/src/ipc/chromium/src/chrome/common/ipc_channel_win.cc, line 332
[Child 10212, Chrome_ChildThread] WARNING: pipe error: 109: file z:/build/build/src/ipc/chro[Parent 4916, Gecko_IOThread] WARNING: file z:/build/build/src/ipc/chromium/src/base/process_util_win.cc, line 166
[Child 9544, Chrome_ChildThread] WARNING: pipe error: 109: file z:/build/build/src/ipc/chromium/src/chrome/common/ipc_channel_win.cc, line 332
[Child 9544, Chrome_Chil[Parent 4916, Gecko_IOThread] WARNING: pipe error: 109: file z:/build/build/src/ipc/chromium/src/chrome/common/ipc_channel_win.cc, line 332
[Child 12864, Chrome_ChildThread] WARNING: pipe error: 109: file z:/build/build/src/ipc/chromium/src/chrome/common/ipc_channel_win.cc, line 332
[Child 12864, Chrome_C[GPU 11744,
###!!! [Child][MessageChannel::SendAndWait] Error: Channel error: cannot send/recv

